<<<<<<< HEAD
﻿  compilation object save succeeded; see C:\Users\Hampe\Documents\GitHub\Projekt\DirectXProject\Debug\fragment.cso
  compilation object save succeeded; see C:\Users\Hampe\Documents\GitHub\Projekt\DirectXProject\Debug\geoPassVert.cso
  compilation object save succeeded; see C:\Users\Hampe\Documents\GitHub\Projekt\DirectXProject\Debug\geoPassPixel.cso
  compilation object save succeeded; see C:\Users\Hampe\Documents\GitHub\Projekt\DirectXProject\Debug\lightPassPixel.cso
  compilation object save succeeded; see C:\Users\Hampe\Documents\GitHub\Projekt\DirectXProject\Debug\lightPassVert.cso
  compilation object save succeeded; see C:\Users\Hampe\Documents\GitHub\Projekt\DirectXProject\Debug\vertex.cso
  WindowManager.cpp
  Time.cpp
c:\users\hampe\documents\github\projekt\directxproject\directxproject\time.cpp(39): warning C4244: 'initializing': conversion from 'float' to '__int64', possible loss of data
c:\users\hampe\documents\github\projekt\directxproject\directxproject\time.cpp(50): warning C4244: '=': conversion from 'float' to '__int64', possible loss of data
  Shader.cpp
  Model.cpp
  main.cpp
  Light.cpp
  Input.cpp
c:\users\hampe\documents\github\projekt\directxproject\directxproject\input.cpp(54): warning C4244: '=': conversion from 'LONG' to 'float', possible loss of data
c:\users\hampe\documents\github\projekt\directxproject\directxproject\input.cpp(55): warning C4244: '=': conversion from 'LONG' to 'float', possible loss of data
  GameManager.cpp
  DeferredRenderer.cpp
  Camera.cpp
  Box.cpp
  Generating Code...
c:\users\hampe\documents\github\projekt\directxproject\directxproject\deferredrenderer.cpp(180): warning C4715: 'DeferredRenderer::CreateSampler': not all control paths return a value
c:\users\hampe\documents\github\projekt\directxproject\directxproject\deferredrenderer.cpp(436): warning C4715: 'DeferredRenderer::CreateVertexBuffer': not all control paths return a value
c:\users\hampe\documents\github\projekt\directxproject\directxproject\deferredrenderer.cpp(467): warning C4715: 'DeferredRenderer::PreDrawing': not all control paths return a value
c:\users\hampe\documents\github\projekt\directxproject\directxproject\deferredrenderer.cpp(494): warning C4715: 'DeferredRenderer::PostDrawing': not all control paths return a value
  ForwardShader.cpp
c:\users\hampe\documents\github\projekt\directxproject\directxproject\forwardshader.cpp(36): warning C4715: 'ForwardShader::CreateShaders': not all control paths return a value
  DirectXProject.vcxproj -> C:\Users\Hampe\Documents\GitHub\Projekt\DirectXProject\Debug\DirectXProject.exe
  DirectXProject.vcxproj -> C:\Users\Hampe\Documents\GitHub\Projekt\DirectXProject\Debug\DirectXProject.pdb (Full PDB)
=======
﻿  compilation object save succeeded; see C:\Users\Jacob\Dropbox\Programmering\3D Labbar\Projekt\Projekt\DirectXProject\Debug\lightPassPixel.cso
  DirectXProject.vcxproj -> C:\Users\Jacob\Dropbox\Programmering\3D Labbar\Projekt\Projekt\DirectXProject\Debug\DirectXProject.exe
>>>>>>> shaders
